app/proguard-rules.pro
# Add project specific ProGuard rules here.
# You can control the set of applied configuration files using the
# proguardFiles setting in build.gradle.
#
# For more details, see
#   http://developer.android.com/guide/developing/tools/proguard.html

# If your project uses WebView with JS, uncomment the following
# and specify the fully qualified class name to the JavaScript interface
# class:
#-keepclassmembers class fqcn.of.javascript.interface.for.webview {
#   public *;
#}

# Uncomment this to preserve the line number information for
# debugging stack traces.
#-keepattributes SourceFile,LineNumberTable

# If you keep the line number information, uncomment this to
# hide the original source file name.
#-renamesourcefileattribute SourceFile
#自定义控件不进行混淆
#枚举类不被混淆
#反射类不进行混淆
#实体类不被混淆
#JS调用的Java方法
#四大组件不进行混淆
#JNI中调用类不进行混淆
#Layout布局使用的View构造函数、android:onClick等
#Parcelable 的子类和 Creator 静态成员变量不混淆
#第三方开源库或者引用其他第三方的SDK包不进行混淆
#-------------------------------------------基本不用动区域--------------------------------------------
#---------------------------------基本指令区----------------------------------
# 设置混淆的压缩比率 0 ~ 7
-optimizationpasses 5
# 混淆时不使用大小写混合，混淆后的类名为小写
-dontusemixedcaseclassnames
# 指定不去忽略非公共库的类
-dontskipnonpubliclibraryclasses
# 指定不去忽略非公共库的成员
-dontskipnonpubliclibraryclassmembers
# 混淆时不做预校验
-dontpreverify
# 混淆时不记录日志
-verbose
# 忽略警告
-ignorewarnings
# 代码优化
-dontshrink
# 不优化输入的类文件
-dontoptimize
# 保留注解不混淆
-keepattributes *Annotation*,InnerClasses
# 避免混淆泛型
-keepattributes Signature
# 保留代码行号，方便异常信息的追踪
-keepattributes SourceFile,LineNumberTable
# 混淆采用的算法
-optimizations !code/simplification/cast,!field/*,!class/merging/*

# dump.txt文件列出apk包内所有class的内部结构
-dump class_files.txt
# seeds.txt文件列出未混淆的类和成员
-printseeds seeds.txt
# usage.txt文件列出从apk中删除的代码
-printusage unused.txt
# mapping.txt文件列出混淆前后的映射
-printmapping mapping.txt
#----------------------------------------------------------------------------
#---------------------------------默认保留区---------------------------------
-keep public class * extends android.app.Fragment
-keep public class * extends android.app.Activity
-keep public class * extends android.app.Application
-keep public class * extends android.app.Service
-keep public class * extends android.content.BroadcastReceiver
-keep public class * extends android.preference.Preference
-keep public class * extends android.content.ContentProvider
-keep public class * extends android.support.v4.**
-keep public class * extends android.support.annotation.**
-keep public class * extends android.support.v7.**
-keep public class * extends android.app.backup.BackupAgentHelper
-keep public class * extends android.preference.Preference
-keep public class * extends android.view.View
-keep public class com.android.vending.licensing.ILicensingService
-keep class android.support.** {*;}
#-ignorewarnings -keep class * { public private *; }

#如果有引用v4包可以添加下面这行
-dontwarn android.support.v4.**
-keep class android.support.v4.app.** { *; }
-keep interface android.support.v4.app.** { *; }
-keep class android.support.v4.** { *; }

-dontwarn android.support.v7.**
-keep class android.support.v7.internal.** { *; }
-keep interface android.support.v7.internal.** { *; }
-keep class android.support.v7.** { *; }

-dontwarn android.support.design.**
-keep class android.support.design.** { *; }
-keep interface android.support.design.** { *; }
-keep public class android.support.design.R$* { *; }

#AopArms --被Safe注解的方法不能被混淆（后面统一改成@Callback）
-keepclassmembers class * {
    @cn.com.superLei.aoparms.annotation.Safe <methods>;
}

#Android-BLE
-dontwarn cn.com.heaton.blelibrary.**
-keep class cn.com.heaton.blelibrary.ble.**{*; }

#关闭 Log日志
-assumenosideeffects class android.util.Log {
    public static *** d(...);
    public static *** v(...);
    public static *** i(...);
    public static *** e(...);
    public static *** w(...);
}
#Natvie 方法不混淆
-keepclasseswithmembernames class * {
    native <methods>;
}
-keepclassmembers class * extends android.app.Activity{
    public void *(android.view.View);
}

#避免回调函数 onXXEvent 混淆
-keepclassmembers class * {
    void *(*Event);
}

#避免混淆枚举类
-keepclassmembers enum * {
    public static **[] values();
    public static ** valueOf(java.lang.String);
}
#避免混淆自定义控件类的 get/set 方法和构造函数
-keep public class * extends android.view.View{
    *** get*();
    void set*(***);
    public <init>(android.content.Context);
    public <init>(android.content.Context, android.util.AttributeSet);
    public <init>(android.content.Context, android.util.AttributeSet, int);
}
-keepclasseswithmembers class * {
    public <init>(android.content.Context, android.util.AttributeSet);
    public <init>(android.content.Context, android.util.AttributeSet, int);
}
#避免Parcelable混淆
-keep class * implements android.os.Parcelable {
  public static final android.os.Parcelable$Creator *;
}
#避免Serializable接口的子类中指定的某些成员变量和方法混淆
-keepnames class * implements java.io.Serializable
-keepclassmembers class * implements java.io.Serializable {
    static final long serialVersionUID;
    private static final java.io.ObjectStreamField[] serialPersistentFields;
    private void writeObject(java.io.ObjectOutputStream);
    private void readObject(java.io.ObjectInputStream);
    java.lang.Object writeReplace();
    java.lang.Object readResolve();
}
#表示不混淆R文件中的所有静态字段
-keep class **.R$* {
    public static <fields>;
}

# ButterKnife 8.8.1
-keep public class * implements butterknife.Unbinder { public <init>(**, android.view.View); }

-keep class butterknife.*
-keepclasseswithmembernames class * { @butterknife.* <methods>; }
-keepclasseswithmembernames class * { @butterknife.* <fields>; }

#OkHttp3混淆配置
-dontwarn com.squareup.okhttp3.**
-keep class com.squareup.okhttp3.** { *;}
-dontwarn okio.**

#Retrofit2混淆配置
-dontwarn retrofit2.**
-keep class retrofit2.** { *; }
-keepattributes Signature
-keepattributes Exceptions

#RxJava、RxAndroid混淆配置
-dontwarn sun.misc.**
-keepclassmembers class rx.internal.util.unsafe.*ArrayQueue*Field* {
   long producerIndex;
   long consumerIndex;
}
-keepclassmembers class rx.internal.util.unsafe.BaseLinkedQueueProducerNodeRef {
    rx.internal.util.atomic.LinkedQueueNode producerNode;
}
-keepclassmembers class rx.internal.util.unsafe.BaseLinkedQueueConsumerNodeRef {
    rx.internal.util.atomic.LinkedQueueNode consumerNode;
}

#Glide混淆配置
-keep public class * implements com.bumptech.glide.module.GlideModule
-keep public enum com.bumptech.glide.load.resource.bitmap.ImageHeaderParser$** {
  **[] $VALUES;
  public *;
}

#Fastjson混淆配置
-dontwarn com.alibaba.fastjson.**
-keep class com.alibaba.fastjson.**{*; }

# Gson混淆配置
-keep class com.google.gson.** {*;}
-keep class com.google.**{*;}
-keep class sun.misc.Unsafe { *; }
-keep class com.google.gson.stream.** { *; }
-keep class com.google.gson.examples.android.model.** { *; }

#EventBus 3：
-keepattributes *Annotation*
-keepclassmembers class ** {
    @org.greenrobot.eventbus.Subscribe <methods>;
}
-keep enum org.greenrobot.eventbus.ThreadMode { *; }

# Only required if you use AsyncExecutor
-keepclassmembers class * extends org.greenrobot.eventbus.util.ThrowableFailureEvent {
    <init>(java.lang.Throwable);
}

#-libraryjars libs/ormlite-android-4.48.jar
#-libraryjars libs/ormlite-core-4.48.jar
-keep class com.j256.**{*;}
-keepclassmembers class com.j256.** { *; }
-keep enum com.j256.**{*;}
-keepclassmembers enum com.j256.** { *; }
-keep interface com.j256.**{*;}
-keepclassmembers interface com.j256.** { *; }
-keepattributes *Annotation*
#带有ormlite注解的实体类的属性不能被混淆
-keepclassmembers class * {
    @com.j256.ormlite.field.DatabaseField <fields>;
}

#easypermissions
-keepclassmembers class * {
    @pub.devrel.easypermissions.AfterPermissionGranted <methods>;
}


#---------------------------------webview------------------------------------
-keepclassmembers class fqcn.of.javascript.interface.for.Webview {
   public *;
}
-keepclassmembers class * extends android.webkit.WebViewClient {
    public void *(android.webkit.WebView, java.lang.String, android.graphics.Bitmap);
    public boolean *(android.webkit.WebView, java.lang.String);
}
-keepclassmembers class * extends android.webkit.WebViewClient {
    public void *(android.webkit.WebView, jav.lang.String);
}