app/mapping.txt
# compiler: R8
# compiler_version: 1.5.64
# min_api: 18
# pg_map_id: 6ec1085
com.heaton.baselibsample.BuildConfig -> com.heaton.baselibsample.a:
    java.lang.String VERSION_NAME -> f
    int VERSION_CODE -> e
    boolean DEBUG -> a
    java.lang.String BUILD_TYPE -> c
    java.lang.String APPLICATION_ID -> b
    java.lang.String FLAVOR -> d
    7:7:void <clinit>() -> <clinit>
    6:6:void <init>() -> <init>
com.heaton.baselibsample.MainActivity -> com.heaton.baselibsample.MainActivity:
    java.lang.String TAG -> f
    17:17:void <init>() -> <init>
    51:55:void home() -> a
    43:47:void onBackPressed() -> onBackPressed
    29:33:void onCreate(android.os.Bundle) -> onCreate
    39:39:void onSaveInstanceState(android.os.Bundle) -> onSaveInstanceState
    59:61:void onStart() -> onStart
    65:67:void onStop() -> onStop
com.heaton.baselibsample.MyApplication -> com.heaton.baselibsample.MyApplication:
    com.heaton.baselibsample.MyApplication mApplication -> f
    35:35:void <init>() -> <init>
    49:49:com.heaton.baselibsample.MyApplication getInstance() -> a
    41:46:void onCreate() -> onCreate
com.heaton.baselibsample.R -> com.heaton.baselibsample.R:
    10:10:void <init>() -> <init>
com.heaton.baselibsample.R$anim -> com.heaton.baselibsample.R$anim:
    11:11:void <init>() -> <init>
com.heaton.baselibsample.R$attr -> com.heaton.baselibsample.R$attr:
    25:25:void <init>() -> <init>
com.heaton.baselibsample.R$bool -> com.heaton.baselibsample.R$bool:
    3445:3445:void <init>() -> <init>
com.heaton.baselibsample.R$color -> com.heaton.baselibsample.R$color:
    3450:3450:void <init>() -> <init>
com.heaton.baselibsample.R$dimen -> com.heaton.baselibsample.R$dimen:
    3539:3539:void <init>() -> <init>
com.heaton.baselibsample.R$drawable -> com.heaton.baselibsample.R$drawable:
    3655:3655:void <init>() -> <init>
com.heaton.baselibsample.R$id -> com.heaton.baselibsample.R$id:
    3759:3759:void <init>() -> <init>
com.heaton.baselibsample.R$integer -> com.heaton.baselibsample.R$integer:
    3961:3961:void <init>() -> <init>
com.heaton.baselibsample.R$layout -> com.heaton.baselibsample.R$layout:
    3968:3968:void <init>() -> <init>
com.heaton.baselibsample.R$mipmap -> com.heaton.baselibsample.R$mipmap:
    4021:4021:void <init>() -> <init>
com.heaton.baselibsample.R$raw -> com.heaton.baselibsample.R$raw:
    4031:4031:void <init>() -> <init>
com.heaton.baselibsample.R$string -> com.heaton.baselibsample.R$string:
    4034:4034:void <init>() -> <init>
com.heaton.baselibsample.R$style -> com.heaton.baselibsample.R$style:
    4100:4100:void <init>() -> <init>
com.heaton.baselibsample.R$styleable -> com.heaton.baselibsample.R$styleable:
    4530:14691:void <clinit>() -> <clinit>
    4458:4458:void <init>() -> <init>
com.heaton.baselibsample.R$xml -> com.heaton.baselibsample.R$xml:
    14779:14779:void <init>() -> <init>
com.heaton.baselibsample.TwoActivity -> com.heaton.baselibsample.TwoActivity:
    java.lang.String TAG -> m
    android.os.Handler handler -> l
    15:15:void <init>() -> <init>
    27:35:void bindData() -> a
    22:22:int layoutId() -> k
    38:43:void sendMsg(android.view.View) -> sendMsg
com.heaton.baselibsample.TwoActivity$1 -> com.heaton.baselibsample.TwoActivity$a:
    com.heaton.baselibsample.TwoActivity this$0 -> f
    28:28:void <init>(com.heaton.baselibsample.TwoActivity) -> <init>
    31:32:void run() -> run
com.heaton.baselibsample.adapter.LocalMusicAdapter -> com.heaton.baselibsample.b.a:
    java.util.ArrayList mData -> h
    int playPosition -> g
    android.content.Context context -> f
    31:34:void <init>(android.content.Context,java.util.ArrayList) -> <init>
    37:38:void setPlayPosition(int) -> a
    41:41:int getPlayPosition() -> a
    46:46:int getCount() -> getCount
    20:20:java.lang.Object getItem(int) -> getItem
    51:54:com.heaton.musiclib.vo.MusicVO getItem(int) -> getItem
    59:59:long getItemId(int) -> getItemId
    65:97:android.view.View getView(int,android.view.View,android.view.ViewGroup) -> getView
...
android.support.v7.app.AppCompatDelegateImpl$3 -> android.support.v7.app.AppCompatDelegateImpl$3:
    638:638:void <init>(android.support.v7.app.AppCompatDelegateImpl) -> <init>
    642:654:android.support.v4.view.WindowInsetsCompat onApplyWindowInsets(android.view.View,android.support.v4.view.WindowInsetsCompat) -> onApplyWindowInsets
android.support.v7.app.AppCompatDelegateImpl$4 -> android.support.v7.app.AppCompatDelegateImpl$4:
    660:660:void <init>(android.support.v7.app.AppCompatDelegateImpl) -> <init>
    663:664:void onFitSystemWindows(android.graphics.Rect) -> onFitSystemWindows
android.support.v7.app.AppCompatDelegateImpl$5 -> android.support.v7.app.AppCompatDelegateImpl$5:
    715:715:void <init>(android.support.v7.app.AppCompatDelegateImpl) -> <init>
    717:717:void onAttachedFromWindow() -> onAttachedFromWindow
    721:722:void onDetachedFromWindow() -> onDetachedFromWindow
android.support.v7.app.AppCompatDelegateImpl$6 -> android.support.v7.app.AppCompatDelegateImpl$6:
    991:991:void <init>(android.support.v7.app.AppCompatDelegateImpl) -> <init>
    994:1019:void run() -> run
android.support.v7.app.AppCompatDelegateImpl$6$1 -> android.support.v7.app.AppCompatDelegateImpl$6$1:
    1002:1002:void <init>(android.support.v7.app.AppCompatDelegateImpl$6) -> <init>
    1010:1013:void onAnimationEnd(android.view.View) -> onAnimationEnd
    1005:1006:void onAnimationStart(android.view.View) -> onAnimationStart
android.support.v7.app.AppCompatDelegateImpl$7 -> android.support.v7.app.AppCompatDelegateImpl$7:
    1045:1045:void <init>(android.support.v7.app.AppCompatDelegateImpl) -> <init>
    1058:1061:void onAnimationEnd(android.view.View) -> onAnimationEnd
    1048:1054:void onAnimationStart(android.view.View) -> onAnimationStart
android.support.v7.app.AppCompatDelegateImpl$ActionBarDrawableToggleImpl -> android.support.v7.app.AppCompatDelegateImpl$ActionBarDrawableToggleImpl:
    2732:2733:void <init>(android.support.v7.app.AppCompatDelegateImpl) -> <init>
    2746:2746:android.content.Context getActionBarThemedContext() -> getActionBarThemedContext
    2737:2741:android.graphics.drawable.Drawable getThemeUpIndicator() -> getThemeUpIndicator
    2751:2752:boolean isNavigationVisible() -> isNavigationVisible
    2766:2770:void setActionBarDescription(int) -> setActionBarDescription
    2757:2762:void setActionBarUpIndicator(android.graphics.drawable.Drawable,int) -> setActionBarUpIndicator
android.support.v7.app.AppCompatDelegateImpl$ActionMenuPresenterCallback -> android.support.v7.app.AppCompatDelegateImpl$ActionMenuPresenterCallback:
    2240:2241:void <init>(android.support.v7.app.AppCompatDelegateImpl) -> <init>
    2254:2255:void onCloseMenu(android.support.v7.view.menu.MenuBuilder,boolean) -> onCloseMenu
    2245:2249:boolean onOpenSubMenu(android.support.v7.view.menu.MenuBuilder) -> onOpenSubMenu
android.support.v7.app.AppCompatDelegateImpl$ActionModeCallbackWrapperV9 -> android.support.v7.app.AppCompatDelegateImpl$ActionModeCallbackWrapperV9:
    2155:2157:void <init>(android.support.v7.app.AppCompatDelegateImpl,android.support.v7.view.ActionMode$Callback) -> <init>
    2171:2171:boolean onActionItemClicked(android.support.v7.view.ActionMode,android.view.MenuItem) -> onActionItemClicked
    2161:2161:boolean onCreateActionMode(android.support.v7.view.ActionMode,android.view.Menu) -> onCreateActionMode
    2176:2203:void onDestroyActionMode(android.support.v7.view.ActionMode) -> onDestroyActionMode
    2166:2166:boolean onPrepareActionMode(android.support.v7.view.ActionMode,android.view.Menu) -> onPrepareActionMode
android.support.v7.app.AppCompatDelegateImpl$ActionModeCallbackWrapperV9$1 -> android.support.v7.app.AppCompatDelegateImpl$ActionModeCallbackWrapperV9$1:
    2184:2184:void <init>(android.support.v7.app.AppCompatDelegateImpl$ActionModeCallbackWrapperV9) -> <init>
    2187:2196:void onAnimationEnd(android.view.View) -> onAnimationEnd